⚠️ NOTE ⚠️: Renovate's logger has not yet been initialized. If you see no other output, this is a bug
DEBUG: Detected HTTP_PROXY value in env
DEBUG: Detected HTTPS_PROXY value in env
DEBUG: Detected NO_PROXY value in env
 INFO: Renovate started
       "renovateVersion": "43.227.1"
DEBUG: Using RE2 regex engine
DEBUG: Parsing configs
DEBUG: No config file found on disk - skipping
DEBUG: No additional config file found specified - skipping
DEBUG: Converting GITHUB_COM_TOKEN into a global host rule
DEBUG: File config
       "config": {}
DEBUG: Additional file config
       "config": {}
DEBUG: CLI config
       "config": {"platform": "local"}
DEBUG: Env config
       "config": {
         "hostRules": [
           {"hostType": "github", "matchHost": "github.com", "token": "***********"}
         ],
         "token": "***********"
       }
DEBUG: Resolved global extends
       "config": undefined
DEBUG: Combined config
       "config": {
         "hostRules": [
           {"hostType": "github", "matchHost": "github.com", "token": "***********"}
         ],
         "token": "***********",
         "platform": "local"
       }
DEBUG: Enabling forkProcessing while in non-autodiscover mode
DEBUG: Enabling onboardingNoDeps while in non-autodiscover mode
DEBUG: Found valid git version: 2.54.0
DEBUG: Setting global hostRules
DEBUG: Adding token authentication for github.com (hostType=github) to hostRules
DEBUG: Using baseDir: /tmp/renovate
DEBUG: Using cacheDir: /tmp/renovate/cache
DEBUG: Using containerbaseDir: /tmp/renovate/cache/containerbase
DEBUG: Initializing Renovate internal cache into /tmp/renovate/cache/renovate/renovate-cache-v1
DEBUG: Commits limit = null
DEBUG: Setting global hostRules
DEBUG: Adding token authentication for github.com (hostType=github) to hostRules
DEBUG: validatePresets()
DEBUG: Reinitializing hostRules for repo
DEBUG: Clearing hostRules
DEBUG: Adding token authentication for github.com (hostType=github) to hostRules
 INFO: Repository started (repository=local)
       "renovateVersion": "43.227.1"
DEBUG: Using localDir: /usr/src/app (repository=local)
DEBUG: PackageFiles.clear() - Package files deleted (repository=local)
DEBUG: Resetting npmrc (repository=local)
DEBUG: Resetting npmrc (repository=local)
DEBUG: checkOnboarding() (repository=local)
DEBUG: isOnboarded() (repository=local)
DEBUG: findFile(renovate.json) (repository=local)
DEBUG: Got file list using git (repository=local)
DEBUG: Config file exists, fileName: renovate.json (repository=local)
DEBUG: Repo is onboarded (repository=local)
DEBUG: Got file list using git (repository=local)
DEBUG: Found renovate.json config file (repository=local)
DEBUG: Repository config (repository=local)
       "fileName": "renovate.json",
       "config": {
         "$schema": "https://docs.renovatebot.com/renovate-schema.json",
         "extends": ["config:recommended"],
         "packageRules": [
           {
             "matchDepTypes": ["devDependencies"],
             "matchUpdateTypes": ["patch"],
             "automerge": true
           }
         ]
       }
DEBUG: migrateAndValidate() (repository=local)
DEBUG: No config migration necessary (repository=local)
DEBUG: Resolved shallow config, without merging internal presets (repository=local)
       "renovateVersion": "43.227.1",
       "config": {
         "$schema": "https://docs.renovatebot.com/renovate-schema.json",
         "packageRules": [
           {
             "matchDepTypes": ["devDependencies"],
             "matchUpdateTypes": ["patch"],
             "automerge": true
           }
         ]
       },
       "visitedPresets": {"merged": [], "unmerged": ["config:recommended"]}
DEBUG: Found repo ignorePaths (repository=local)
       "ignorePaths": [
         "**/node_modules/**",
         "**/bower_components/**",
         "**/vendor/**",
         "**/examples/**",
         "**/__tests__/**",
         "**/test/**",
         "**/tests/**",
         "**/__fixtures__/**"
       ]
DEBUG: No vulnerability alerts found (repository=local)
DEBUG: No baseBranches (repository=local)
DEBUG: extract() (repository=local)
DEBUG: Got file list using git (repository=local)
DEBUG: Using file pattern: **/build.xml for manager ant (repository=local)
DEBUG: Using file pattern: /(^|/)tasks/[^/]+\.ya?ml$/ for manager ansible (repository=local)
DEBUG: Using file pattern: /(^|/)(galaxy|requirements)(\.ansible)?\.ya?ml$/ for manager ansible-galaxy (repository=local)
DEBUG: Using file pattern: /(^|/)\.tool-versions$/ for manager asdf (repository=local)
DEBUG: Using file pattern: /(^|/).azuredevops/.+\.ya?ml$/ for manager azure-pipelines (repository=local)
DEBUG: Using file pattern: /azure.*pipelines?.*\.ya?ml$/ for manager azure-pipelines (repository=local)
DEBUG: Using file pattern: /(^|/)batect(-bundle)?\.ya?ml$/ for manager batect (repository=local)
DEBUG: Using file pattern: /(^|/)batect$/ for manager batect-wrapper (repository=local)
DEBUG: Using file pattern: /(^|/)WORKSPACE(|\.bazel|\.bzlmod)$/ for manager bazel (repository=local)
DEBUG: Using file pattern: /\.WORKSPACE\.bazel$/ for manager bazel (repository=local)
DEBUG: Using file pattern: /\.bzl$/ for manager bazel (repository=local)
DEBUG: Using file pattern: /(^|/|\.)MODULE\.bazel$/ for manager bazel-module (repository=local)
DEBUG: Using file pattern: /(^|/)\.bazelversion$/ for manager bazelisk (repository=local)
DEBUG: Using file pattern: /\.bicep$/ for manager bicep (repository=local)
DEBUG: Using file pattern: **/*-pipelines.yml for manager bitbucket-pipelines (repository=local)
DEBUG: Using file pattern: /(^|/)bitrise\.ya?ml$/ for manager bitrise (repository=local)
DEBUG: Using file pattern: /buildkite\.ya?ml/ for manager buildkite (repository=local)
DEBUG: Using file pattern: /\.buildkite/.+\.ya?ml$/ for manager buildkite (repository=local)
DEBUG: Using file pattern: /(^|/)project\.toml$/ for manager buildpacks (repository=local)
DEBUG: Using file pattern: /(^|/)bun\.lockb?$/ for manager bun (repository=local)
DEBUG: Using file pattern: /(^|/)package\.json$/ for manager bun (repository=local)
DEBUG: Using file pattern: /(^|/)\.bun-version$/ for manager bun-version (repository=local)
DEBUG: Using file pattern: /(^|/)Gemfile$/ for manager bundler (repository=local)
DEBUG: Using file pattern: /\.cake$/ for manager cake (repository=local)
DEBUG: Using file pattern: /(^|/)Cargo\.toml$/ for manager cargo (repository=local)
DEBUG: Using file pattern: /(^|/)\.circleci/.+\.ya?ml$/ for manager circleci (repository=local)
DEBUG: Using file pattern: /(^|/)cloudbuild\.ya?ml/ for manager cloudbuild (repository=local)
DEBUG: Using file pattern: /(^|/)Podfile$/ for manager cocoapods (repository=local)
DEBUG: Using file pattern: /(^|/)([\w-]*)composer\.json$/ for manager composer (repository=local)
DEBUG: Using file pattern: /(^|/)conanfile\.(txt|py)$/ for manager conan (repository=local)
DEBUG: Using file pattern: /(^|/)\.copier-answers(\..+)?\.ya?ml/ for manager copier (repository=local)
DEBUG: Using file pattern: /(^|/)cpanfile$/ for manager cpanfile (repository=local)
DEBUG: Using file pattern: /^\.crow(?:/[^/]+)?\.ya?ml$/ for manager crow (repository=local)
DEBUG: Using file pattern: /(^|/)deno\.lock$/ for manager deno (repository=local)
DEBUG: Using file pattern: /(^|/)deno\.(json|jsonc)$/ for manager deno (repository=local)
DEBUG: Using file pattern: /(^|/)(?:deps|bb)\.edn$/ for manager deps-edn (repository=local)
DEBUG: Using file pattern: /(^|/)devbox\.json$/ for manager devbox (repository=local)
DEBUG: Using file pattern: /^.devcontainer/devcontainer.json$/ for manager devcontainer (repository=local)
DEBUG: Using file pattern: /^.devcontainer.json$/ for manager devcontainer (repository=local)
DEBUG: Using file pattern: /(^|/)(?:docker-)?compose[^/]*\.ya?ml$/ for manager docker-compose (repository=local)
DEBUG: Using file pattern: /(^|/|\.)([Dd]ocker|[Cc]ontainer)file$/ for manager dockerfile (repository=local)
DEBUG: Using file pattern: /(^|/)([Dd]ocker|[Cc]ontainer)file[^/]*$/ for manager dockerfile (repository=local)
DEBUG: Using file pattern: /(^|/)\.drone\.yml$/ for manager droneci (repository=local)
DEBUG: Using file pattern: /(^|/)fleet\.ya?ml/ for manager fleet (repository=local)
DEBUG: Using file pattern: /(?:^|/)gotk-components\.ya?ml$/ for manager flux (repository=local)
DEBUG: Using file pattern: /(^|/)\.fvm/fvm_config\.json$/ for manager fvm (repository=local)
DEBUG: Using file pattern: /(^|/)\.fvmrc$/ for manager fvm (repository=local)
DEBUG: Using file pattern: /(^|/)\.gitmodules$/ for manager git-submodules (repository=local)
DEBUG: Using file pattern: /(^|/)(workflow-templates|\.(?:github|gitea|forgejo)/(?:workflows|actions))/.+\.ya?ml$/ for manager github-actions (repository=local)
DEBUG: Using file pattern: /(^|/)action\.ya?ml$/ for manager github-actions (repository=local)
DEBUG: Using file pattern: /\.gitlab-ci\.ya?ml$/ for manager gitlabci (repository=local)
DEBUG: Using file pattern: /\.gitlab-ci\.ya?ml$/ for manager gitlabci-include (repository=local)
DEBUG: Using file pattern: /(^|/)gleam.toml$/ for manager gleam (repository=local)
DEBUG: Using file pattern: /(^|/)go\.mod$/ for manager gomod (repository=local)
DEBUG: Using file pattern: /\.gradle(\.kts)?$/ for manager gradle (repository=local)
DEBUG: Using file pattern: /(^|/)gradle\.properties$/ for manager gradle (repository=local)
DEBUG: Using file pattern: /(^|/)gradle/.+\.toml$/ for manager gradle (repository=local)
DEBUG: Using file pattern: /(^|/)buildSrc/.+\.kt$/ for manager gradle (repository=local)
DEBUG: Using file pattern: /\.versions\.toml$/ for manager gradle (repository=local)
DEBUG: Using file pattern: /(^|/)versions.props$/ for manager gradle (repository=local)
DEBUG: Using file pattern: /(^|/)versions.lock$/ for manager gradle (repository=local)
DEBUG: Using file pattern: /(^|/)gradle/wrapper/gradle-wrapper\.properties$/ for manager gradle-wrapper (repository=local)
DEBUG: Using file pattern: /\.cabal$/ for manager haskell-cabal (repository=local)
DEBUG: Using file pattern: /(^|/)requirements\.ya?ml$/ for manager helm-requirements (repository=local)
DEBUG: Using file pattern: /(^|/)values\.ya?ml$/ for manager helm-values (repository=local)
DEBUG: Using file pattern: /(^|/)helmfile\.ya?ml(?:\.gotmpl)?$/ for manager helmfile (repository=local)
DEBUG: Using file pattern: /(^|/)helmfile\.d/.+\.ya?ml(?:\.gotmpl)?$/ for manager helmfile (repository=local)
DEBUG: Using file pattern: /(^|/)Chart\.ya?ml$/ for manager helmv3 (repository=local)
DEBUG: Using file pattern: /(^|/)bin/hermit$/ for manager hermit (repository=local)
DEBUG: Using file pattern: /(^|/)manifest\.json$/ for manager homeassistant-manifest (repository=local)
DEBUG: Using file pattern: /^Formula/\w*/?[^/]+[.]rb$/ for manager homebrew (repository=local)
DEBUG: Using file pattern: /\.html?$/ for manager html (repository=local)
DEBUG: Using file pattern: /(^|/)plugins\.(txt|ya?ml)$/ for manager jenkins (repository=local)
DEBUG: Using file pattern: /(^|/)jsonnetfile\.json$/ for manager jsonnet-bundler (repository=local)
DEBUG: Using file pattern: /^.+\.main\.kts$/ for manager kotlin-script (repository=local)
DEBUG: Using file pattern: /(^|/)kustomization\.ya?ml$/ for manager kustomize (repository=local)
DEBUG: Using file pattern: /(^|/)project\.clj$/ for manager leiningen (repository=local)
DEBUG: Using file pattern: /(^|/|\.)pom\.xml$/ for manager maven (repository=local)
DEBUG: Using file pattern: /(^|/)pom\.template\.xml$/ for manager maven (repository=local)
DEBUG: Using file pattern: /^(((\.mvn)|(\.m2))/)?settings\.xml$/ for manager maven (repository=local)
DEBUG: Using file pattern: /(^|/)\.mvn/extensions\.xml$/ for manager maven (repository=local)
DEBUG: Using file pattern: /(^|\/).mvn/wrapper/maven-wrapper.properties$/ for manager maven-wrapper (repository=local)
DEBUG: Using file pattern: /(^|\/)mvnw(.cmd)?$/ for manager maven-wrapper (repository=local)
DEBUG: Using file pattern: /(^|/)package\.js$/ for manager meteor (repository=local)
DEBUG: Using file pattern: /(^|/)Mintfile$/ for manager mint (repository=local)
DEBUG: Using file pattern: **/{,.}mise{,.*}.toml for manager mise (repository=local)
DEBUG: Using file pattern: **/{,.}mise/config{,.*}.toml for manager mise (repository=local)
DEBUG: Using file pattern: **/.config/mise{,.*}.toml for manager mise (repository=local)
DEBUG: Using file pattern: **/.config/mise/{mise,config}{,.*}.toml for manager mise (repository=local)
DEBUG: Using file pattern: **/.config/mise/conf.d/*.toml for manager mise (repository=local)
DEBUG: Using file pattern: **/.rtx{,.*}.toml for manager mise (repository=local)
DEBUG: Using file pattern: /(^|/)mix\.exs$/ for manager mix (repository=local)
DEBUG: Using file pattern: /(^|/)flake\.nix$/ for manager nix (repository=local)
DEBUG: Using file pattern: /(^|/)\.node-version$/ for manager nodenv (repository=local)
DEBUG: Using file pattern: /(^|/)package\.json$/ for manager npm (repository=local)
DEBUG: Using file pattern: /(^|/)pnpm-workspace\.yaml$/ for manager npm (repository=local)
DEBUG: Using file pattern: /(^|/)\.yarnrc\.yml$/ for manager npm (repository=local)
DEBUG: Using file pattern: /\.(?:cs|fs|vb)proj$/ for manager nuget (repository=local)
DEBUG: Using file pattern: /\.(?:props|targets)$/ for manager nuget (repository=local)
DEBUG: Using file pattern: /(^|/)dotnet-tools\.json$/ for manager nuget (repository=local)
DEBUG: Using file pattern: /(^|/)global\.json$/ for manager nuget (repository=local)
DEBUG: Using file pattern: /(^|/)\.nvmrc$/ for manager nvm (repository=local)
DEBUG: Using file pattern: /(^|/)src/main/features/.+\.json$/ for manager osgi (repository=local)
DEBUG: Using file pattern: /(^|/)pyproject\.toml$/ for manager pep621 (repository=local)
DEBUG: Using file pattern: /(^|/)[\w-]*requirements([-._]\w+)?\.(txt|pip)$/ for manager pip_requirements (repository=local)
DEBUG: Using file pattern: /(^|/)setup\.py$/ for manager pip_setup (repository=local)
DEBUG: Using file pattern: /(^|/)Pipfile$/ for manager pipenv (repository=local)
DEBUG: Using file pattern: /(^|/)pyproject\.toml$/ for manager pixi (repository=local)
DEBUG: Using file pattern: /(^|/)pixi\.toml$/ for manager pixi (repository=local)
DEBUG: Using file pattern: /(^|/)pyproject\.toml$/ for manager poetry (repository=local)
DEBUG: Using file pattern: /(^|/)\.pre-commit-config\.ya?ml$/ for manager pre-commit (repository=local)
DEBUG: Using file pattern: **/.prototools for manager proto (repository=local)
DEBUG: Using file pattern: /(^|/)pubspec\.ya?ml$/ for manager pub (repository=local)
DEBUG: Using file pattern: /(^|/)Puppetfile$/ for manager puppet (repository=local)
DEBUG: Using file pattern: /(^|/)\.python-version$/ for manager pyenv (repository=local)
DEBUG: Using file pattern: /.+\.container$/ for manager quadlet (repository=local)
DEBUG: Using file pattern: /.+\.image$/ for manager quadlet (repository=local)
DEBUG: Using file pattern: /.+\.volume$/ for manager quadlet (repository=local)
DEBUG: Using file pattern: renovate.json for manager renovate-config (repository=local)
DEBUG: Using file pattern: renovate.jsonc for manager renovate-config (repository=local)
DEBUG: Using file pattern: renovate.json5 for manager renovate-config (repository=local)
DEBUG: Using file pattern: .github/renovate.json for manager renovate-config (repository=local)
DEBUG: Using file pattern: .github/renovate.jsonc for manager renovate-config (repository=local)
DEBUG: Using file pattern: .github/renovate.json5 for manager renovate-config (repository=local)
DEBUG: Using file pattern: .gitlab/renovate.json for manager renovate-config (repository=local)
DEBUG: Using file pattern: .gitlab/renovate.jsonc for manager renovate-config (repository=local)
DEBUG: Using file pattern: .gitlab/renovate.json5 for manager renovate-config (repository=local)
DEBUG: Using file pattern: .renovaterc for manager renovate-config (repository=local)
DEBUG: Using file pattern: .renovaterc.json for manager renovate-config (repository=local)
DEBUG: Using file pattern: .renovaterc.jsonc for manager renovate-config (repository=local)
DEBUG: Using file pattern: .renovaterc.json5 for manager renovate-config (repository=local)
DEBUG: Using file pattern: /(^|/)\.ruby-version$/ for manager ruby-version (repository=local)
DEBUG: Using file pattern: /(^|/)runtime.txt$/ for manager runtime-version (repository=local)
DEBUG: Using file pattern: /(^|/)rust-toolchain(\.toml)?$/ for manager rust-toolchain (repository=local)
DEBUG: Using file pattern: /\.sbt$/ for manager sbt (repository=local)
DEBUG: Using file pattern: /project/[^/]*\.scala$/ for manager sbt (repository=local)
DEBUG: Using file pattern: /project/build\.properties$/ for manager sbt (repository=local)
DEBUG: Using file pattern: /(^|/)repositories$/ for manager sbt (repository=local)
DEBUG: Using file pattern: /(^|/)\.scalafmt.conf$/ for manager scalafmt (repository=local)
DEBUG: Using file pattern: /(^|/)setup\.cfg$/ for manager setup-cfg (repository=local)
DEBUG: Using file pattern: /(^|/)Package\.swift/ for manager swift (repository=local)
DEBUG: Using file pattern: **/*.tf for manager terraform (repository=local)
DEBUG: Using file pattern: **/*.tofu for manager terraform (repository=local)
DEBUG: Using file pattern: /(^|/)\.terraform-version$/ for manager terraform-version (repository=local)
DEBUG: Using file pattern: /(^|/)terragrunt\.hcl$/ for manager terragrunt (repository=local)
DEBUG: Using file pattern: /(^|/)\.terragrunt-version$/ for manager terragrunt-version (repository=local)
DEBUG: Using file pattern: /\.tflint\.hcl$/ for manager tflint-plugin (repository=local)
DEBUG: Using file pattern: /^\.travis\.ya?ml$/ for manager travis (repository=local)
DEBUG: Using file pattern: /\.typ$/ for manager typst (repository=local)
DEBUG: Using file pattern: **/ProjectSettings/ProjectVersion.txt for manager unity3d (repository=local)
DEBUG: Using file pattern: /(^|/)\.vela\.ya?ml$/ for manager velaci (repository=local)
DEBUG: Using file pattern: /(^|/)vendir\.yml$/ for manager vendir (repository=local)
DEBUG: Using file pattern: /^\.woodpecker(?:/[^/]+)?\.ya?ml$/ for manager woodpecker (repository=local)
DEBUG: Using file pattern: **/project.yml for manager xcodegen (repository=local)
DEBUG: Using file pattern: **/{j,t}sconfig.json for manager regex (repository=local)
DEBUG: Using file pattern: **/{j,t}sconfig.*.json for manager regex (repository=local)
DEBUG: Using file pattern: **/{j,t}sconfig.json for manager regex (repository=local)
DEBUG: Using file pattern: **/{j,t}sconfig.*.json for manager regex (repository=local)
DEBUG: Matched 1 file(s) for manager bun: package.json (repository=local)
DEBUG: No bun lockfiles found (repository=local)
DEBUG: Matched 1 file(s) for manager github-actions: .github/workflows/ci.yml (repository=local)
DEBUG: Matched 1 file(s) for manager maven: pom.xml (repository=local)
DEBUG: Matched 1 file(s) for manager npm: package.json (repository=local)
DEBUG: Matched 1 file(s) for manager renovate-config: renovate.json (repository=local)
DEBUG: npm file package.json has name "renovate-demo-app" (repository=local)
DEBUG: Detecting pnpm Workspaces (repository=local)
DEBUG: Detecting workspaces (repository=local)
DEBUG: Finding locked versions (repository=local)
DEBUG: manager extract durations (ms) (repository=local)
       "managers": {"bun": 2, "github-actions": 35, "maven": 13, "npm": 41, "renovate-config": 8}
DEBUG: Found github-actions package files (repository=local)
DEBUG: Found maven package files (repository=local)
DEBUG: Found npm package files (repository=local)
DEBUG: Found 3 package file(s) (repository=local)
 INFO: Dependency extraction complete (repository=local)
       "stats": {
         "managers": {
           "github-actions": {"fileCount": 1, "depCount": 4},
           "maven": {"fileCount": 1, "depCount": 3},
           "npm": {"fileCount": 1, "depCount": 8}
         },
         "total": {"fileCount": 3, "depCount": 15}
       }
DEBUG: hostRules: no authentication for registry.npmjs.org (repository=local)
DEBUG: hostRules: authentication already set for api.github.com (repository=local)
DEBUG: Using queue: host=api.github.com, concurrency=16 (repository=local)
DEBUG: Looking up com.google.guava:guava in repository https://repo.maven.apache.org/maven2/ (repository=local)
DEBUG: Looking up org.apache.commons:commons-lang3 in repository https://repo.maven.apache.org/maven2/ (repository=local)
DEBUG: Looking up org.springframework.boot:spring-boot-starter-parent in repository https://repo.maven.apache.org/maven2/ (repository=local)
DEBUG: Using queue: host=registry.npmjs.org, concurrency=999 (repository=local)
DEBUG: hostRules: no authentication for repo.maven.apache.org (repository=local)
DEBUG: Using queue: host=repo.maven.apache.org, concurrency=16 (repository=local)
DEBUG: POST https://api.github.com/graphql = (code=ECONNREFUSED, statusCode=-1 retryCount=0, duration=22) (repository=local)
DEBUG: Datasource connection error (repository=local)
       "datasource": "github-tags",
       "packageName": "actions/checkout",
       "url": undefined,
       "errCode": "ECONNREFUSED"
DEBUG: Failed to look up github-tags package actions/checkout: no-result (repository=local, packageFile=.github/workflows/ci.yml, dependency=actions/checkout)
DEBUG: POST https://api.github.com/graphql = (code=ECONNREFUSED, statusCode=-1 retryCount=0, duration=27) (repository=local)
DEBUG: Datasource connection error (repository=local)
       "datasource": "github-tags",
       "packageName": "actions/setup-node",
       "url": undefined,
       "errCode": "ECONNREFUSED"
DEBUG: Failed to look up github-tags package actions/setup-node: no-result (repository=local, packageFile=.github/workflows/ci.yml, dependency=actions/setup-node)
DEBUG: POST https://api.github.com/graphql = (code=ECONNREFUSED, statusCode=-1 retryCount=0, duration=26) (repository=local)
DEBUG: Datasource connection error (repository=local)
       "datasource": "github-releases",
       "packageName": "actions/node-versions",
       "url": undefined,
       "errCode": "ECONNREFUSED"
DEBUG: Failed to look up github-releases package actions/node-versions: no-result (repository=local, packageFile=.github/workflows/ci.yml, dependency=actions/node-versions)
